<?xml version="1.0" encoding="UTF-8"?>
<!-- Generated by org.testng.reporters.JUnitReportReporter -->
<testsuite hostname="DESKTOP-82GVKMJ" failures="0" tests="2" name="TestClass" time="15.641" errors="0" timestamp="2025-07-21T13:24:48 IST" skipped="0">
  <testcase classname="TestClass" name="tcl" time="9.160"/>
  <testcase classname="TestClass" name="tcl" time="6.481"/>
</testsuite> <!-- TestClass -->
